  123456dpl.c
  123456prio.c
  123456reg.c
C:\Users\ccapp\source\repos\CodingConnected\TLCGenExampleController\extra_func_prio.c(497,8): warning C4100: 'prioin': unreferenced formal parameter
C:\Users\ccapp\source\repos\CodingConnected\TLCGenExampleController\extra_func.c(824,42): warning C4100: 'fc': unreferenced formal parameter
C:\Users\ccapp\source\repos\CodingConnected\TLCGenExampleController\extra_func.c(1064,32): warning C4100: 'fc': unreferenced formal parameter
C:\Users\ccapp\source\repos\CodingConnected\TLCGenExampleController\ccolfunc.c(790,32): warning C4100: 'fcalt': unreferenced formal parameter
C:\Users\ccapp\source\repos\CodingConnected\TLCGenExampleController\halfstar.c(156,11): warning C4100: 'voorstartfc2fc1': unreferenced formal parameter
C:\Users\ccapp\source\repos\CodingConnected\TLCGenExampleController\halfstar.c(155,11): warning C4100: 'voorstartfc1fc2': unreferenced formal parameter
C:\Users\ccapp\source\repos\CodingConnected\TLCGenExampleController\halfstar.c(1078,29): warning C4100: 'prmtotxa': unreferenced formal parameter
C:\Users\ccapp\source\repos\CodingConnected\TLCGenExampleController\halfstar.c(1604,23): warning C4100: 'hd_bui_fc1': unreferenced formal parameter
C:\Users\ccapp\source\repos\CodingConnected\TLCGenExampleController\halfstar.c(1603,23): warning C4100: 'dk_bui_fc1': unreferenced formal parameter
C:\Users\ccapp\source\repos\CodingConnected\TLCGenExampleController\timingsfunc.c(146,24): warning C4100: 'latency_minEndSG': unreferenced formal parameter
C:\Users\ccapp\source\repos\CodingConnected\TLCGenExampleController\123456reg.c(118,41): error C2079: 'RIF_ITSINFO_AP' uses undefined struct 'Rif_ProductInformation'
C:\Users\ccapp\source\repos\CodingConnected\TLCGenExampleController\123456reg.c(123,5): error C2078: too many initializers
C:\Users\ccapp\source\repos\CodingConnected\TLCGenExampleController\123456reg.c(119,7): warning C4047: 'initializing': 'int' differs in levels of indirection from 'char [19]'
C:\Users\ccapp\source\repos\CodingConnected\TLCGenExampleController\123456reg.c(120,7): error C2078: too many initializers
  123456rissim.c
C:\Users\ccapp\source\repos\CodingConnected\TLCGenExampleController\123456rissim.c(213,151): warning C4020: 'ris_simulation_put_itsstation_pb': too many actual parameters
C:\Users\ccapp\source\repos\CodingConnected\TLCGenExampleController\123456rissim.c(216,195): warning C4047: 'function': 'char *' differs in levels of indirection from 'mulv'
C:\Users\ccapp\source\repos\CodingConnected\TLCGenExampleController\123456rissim.c(216,195): warning C4024: 'ris_simulation_put_itsstation_pb_ex': different types for formal and actual parameter 15
C:\Users\ccapp\source\repos\CodingConnected\TLCGenExampleController\123456rissim.c(216,216): warning C4047: 'function': 'rif_int' differs in levels of indirection from 'char [128]'
C:\Users\ccapp\source\repos\CodingConnected\TLCGenExampleController\123456rissim.c(216,216): warning C4024: 'ris_simulation_put_itsstation_pb_ex': different types for formal and actual parameter 16
C:\Users\ccapp\source\repos\CodingConnected\TLCGenExampleController\123456rissim.c(216,227): warning C4020: 'ris_simulation_put_itsstation_pb_ex': too many actual parameters
C:\Users\ccapp\source\repos\CodingConnected\TLCGenExampleController\123456rissim.c(219,206): warning C4047: 'function': 'char *' differs in levels of indirection from 'mulv'
C:\Users\ccapp\source\repos\CodingConnected\TLCGenExampleController\123456rissim.c(219,206): warning C4024: 'ris_simulation_put_itsstation_pb_ex': different types for formal and actual parameter 15
C:\Users\ccapp\source\repos\CodingConnected\TLCGenExampleController\123456rissim.c(219,227): warning C4047: 'function': 'rif_int' differs in levels of indirection from 'char [3]'
C:\Users\ccapp\source\repos\CodingConnected\TLCGenExampleController\123456rissim.c(219,227): warning C4024: 'ris_simulation_put_itsstation_pb_ex': different types for formal and actual parameter 16
C:\Users\ccapp\source\repos\CodingConnected\TLCGenExampleController\123456rissim.c(219,236): warning C4020: 'ris_simulation_put_itsstation_pb_ex': too many actual parameters
C:\Users\ccapp\source\repos\CodingConnected\TLCGenExampleController\123456rissim.c(223,208): warning C4047: 'function': 'char *' differs in levels of indirection from 'mulv'
C:\Users\ccapp\source\repos\CodingConnected\TLCGenExampleController\123456rissim.c(223,208): warning C4024: 'ris_simulation_put_itsstation_pb_ex': different types for formal and actual parameter 15
C:\Users\ccapp\source\repos\CodingConnected\TLCGenExampleController\123456rissim.c(223,229): warning C4047: 'function': 'rif_int' differs in levels of indirection from 'char [128]'
C:\Users\ccapp\source\repos\CodingConnected\TLCGenExampleController\123456rissim.c(223,229): warning C4024: 'ris_simulation_put_itsstation_pb_ex': different types for formal and actual parameter 16
C:\Users\ccapp\source\repos\CodingConnected\TLCGenExampleController\123456rissim.c(223,240): warning C4020: 'ris_simulation_put_itsstation_pb_ex': too many actual parameters
C:\Users\ccapp\source\repos\CodingConnected\TLCGenExampleController\123456rissim.c(225,151): warning C4020: 'ris_simulation_put_itsstation_pb': too many actual parameters
C:\Users\ccapp\source\repos\CodingConnected\TLCGenExampleController\123456rissim.c(228,195): warning C4047: 'function': 'char *' differs in levels of indirection from 'mulv'
C:\Users\ccapp\source\repos\CodingConnected\TLCGenExampleController\123456rissim.c(228,195): warning C4024: 'ris_simulation_put_itsstation_pb_ex': different types for formal and actual parameter 15
C:\Users\ccapp\source\repos\CodingConnected\TLCGenExampleController\123456rissim.c(228,216): warning C4047: 'function': 'rif_int' differs in levels of indirection from 'char [128]'
C:\Users\ccapp\source\repos\CodingConnected\TLCGenExampleController\123456rissim.c(228,216): warning C4024: 'ris_simulation_put_itsstation_pb_ex': different types for formal and actual parameter 16
C:\Users\ccapp\source\repos\CodingConnected\TLCGenExampleController\123456rissim.c(228,227): warning C4020: 'ris_simulation_put_itsstation_pb_ex': too many actual parameters
C:\Users\ccapp\source\repos\CodingConnected\TLCGenExampleController\123456rissim.c(231,206): warning C4047: 'function': 'char *' differs in levels of indirection from 'mulv'
C:\Users\ccapp\source\repos\CodingConnected\TLCGenExampleController\123456rissim.c(231,206): warning C4024: 'ris_simulation_put_itsstation_pb_ex': different types for formal and actual parameter 15
C:\Users\ccapp\source\repos\CodingConnected\TLCGenExampleController\123456rissim.c(231,227): warning C4047: 'function': 'rif_int' differs in levels of indirection from 'char [3]'
C:\Users\ccapp\source\repos\CodingConnected\TLCGenExampleController\123456rissim.c(231,227): warning C4024: 'ris_simulation_put_itsstation_pb_ex': different types for formal and actual parameter 16
C:\Users\ccapp\source\repos\CodingConnected\TLCGenExampleController\123456rissim.c(231,236): warning C4020: 'ris_simulation_put_itsstation_pb_ex': too many actual parameters
C:\Users\ccapp\source\repos\CodingConnected\TLCGenExampleController\123456rissim.c(235,208): warning C4047: 'function': 'char *' differs in levels of indirection from 'mulv'
C:\Users\ccapp\source\repos\CodingConnected\TLCGenExampleController\123456rissim.c(235,208): warning C4024: 'ris_simulation_put_itsstation_pb_ex': different types for formal and actual parameter 15
C:\Users\ccapp\source\repos\CodingConnected\TLCGenExampleController\123456rissim.c(235,229): warning C4047: 'function': 'rif_int' differs in levels of indirection from 'char [128]'
C:\Users\ccapp\source\repos\CodingConnected\TLCGenExampleController\123456rissim.c(235,229): warning C4024: 'ris_simulation_put_itsstation_pb_ex': different types for formal and actual parameter 16
C:\Users\ccapp\source\repos\CodingConnected\TLCGenExampleController\123456rissim.c(235,240): warning C4020: 'ris_simulation_put_itsstation_pb_ex': too many actual parameters
C:\Users\ccapp\source\repos\CodingConnected\TLCGenExampleController\123456rissim.c(237,151): warning C4020: 'ris_simulation_put_itsstation_pb': too many actual parameters
C:\Users\ccapp\source\repos\CodingConnected\TLCGenExampleController\123456rissim.c(240,195): warning C4047: 'function': 'char *' differs in levels of indirection from 'mulv'
C:\Users\ccapp\source\repos\CodingConnected\TLCGenExampleController\123456rissim.c(240,195): warning C4024: 'ris_simulation_put_itsstation_pb_ex': different types for formal and actual parameter 15
C:\Users\ccapp\source\repos\CodingConnected\TLCGenExampleController\123456rissim.c(240,216): warning C4047: 'function': 'rif_int' differs in levels of indirection from 'char [128]'
C:\Users\ccapp\source\repos\CodingConnected\TLCGenExampleController\123456rissim.c(240,216): warning C4024: 'ris_simulation_put_itsstation_pb_ex': different types for formal and actual parameter 16
C:\Users\ccapp\source\repos\CodingConnected\TLCGenExampleController\123456rissim.c(240,227): warning C4020: 'ris_simulation_put_itsstation_pb_ex': too many actual parameters
C:\Users\ccapp\source\repos\CodingConnected\TLCGenExampleController\123456rissim.c(243,206): warning C4047: 'function': 'char *' differs in levels of indirection from 'mulv'
C:\Users\ccapp\source\repos\CodingConnected\TLCGenExampleController\123456rissim.c(243,206): warning C4024: 'ris_simulation_put_itsstation_pb_ex': different types for formal and actual parameter 15
C:\Users\ccapp\source\repos\CodingConnected\TLCGenExampleController\123456rissim.c(243,227): warning C4047: 'function': 'rif_int' differs in levels of indirection from 'char [3]'
C:\Users\ccapp\source\repos\CodingConnected\TLCGenExampleController\123456rissim.c(243,227): warning C4024: 'ris_simulation_put_itsstation_pb_ex': different types for formal and actual parameter 16
C:\Users\ccapp\source\repos\CodingConnected\TLCGenExampleController\123456rissim.c(243,236): warning C4020: 'ris_simulation_put_itsstation_pb_ex': too many actual parameters
C:\Users\ccapp\source\repos\CodingConnected\TLCGenExampleController\123456rissim.c(247,208): warning C4047: 'function': 'char *' differs in levels of indirection from 'mulv'
C:\Users\ccapp\source\repos\CodingConnected\TLCGenExampleController\123456rissim.c(247,208): warning C4024: 'ris_simulation_put_itsstation_pb_ex': different types for formal and actual parameter 15
C:\Users\ccapp\source\repos\CodingConnected\TLCGenExampleController\123456rissim.c(247,229): warning C4047: 'function': 'rif_int' differs in levels of indirection from 'char [128]'
C:\Users\ccapp\source\repos\CodingConnected\TLCGenExampleController\123456rissim.c(247,229): warning C4024: 'ris_simulation_put_itsstation_pb_ex': different types for formal and actual parameter 16
C:\Users\ccapp\source\repos\CodingConnected\TLCGenExampleController\123456rissim.c(247,240): warning C4020: 'ris_simulation_put_itsstation_pb_ex': too many actual parameters
C:\Users\ccapp\source\repos\CodingConnected\TLCGenExampleController\123456rissim.c(249,151): warning C4020: 'ris_simulation_put_itsstation_pb': too many actual parameters
C:\Users\ccapp\source\repos\CodingConnected\TLCGenExampleController\123456rissim.c(252,195): warning C4047: 'function': 'char *' differs in levels of indirection from 'mulv'
C:\Users\ccapp\source\repos\CodingConnected\TLCGenExampleController\123456rissim.c(252,195): warning C4024: 'ris_simulation_put_itsstation_pb_ex': different types for formal and actual parameter 15
C:\Users\ccapp\source\repos\CodingConnected\TLCGenExampleController\123456rissim.c(252,216): warning C4047: 'function': 'rif_int' differs in levels of indirection from 'char [128]'
C:\Users\ccapp\source\repos\CodingConnected\TLCGenExampleController\123456rissim.c(252,216): warning C4024: 'ris_simulation_put_itsstation_pb_ex': different types for formal and actual parameter 16
C:\Users\ccapp\source\repos\CodingConnected\TLCGenExampleController\123456rissim.c(252,227): warning C4020: 'ris_simulation_put_itsstation_pb_ex': too many actual parameters
C:\Users\ccapp\source\repos\CodingConnected\TLCGenExampleController\123456rissim.c(255,206): warning C4047: 'function': 'char *' differs in levels of indirection from 'mulv'
C:\Users\ccapp\source\repos\CodingConnected\TLCGenExampleController\123456rissim.c(255,206): warning C4024: 'ris_simulation_put_itsstation_pb_ex': different types for formal and actual parameter 15
C:\Users\ccapp\source\repos\CodingConnected\TLCGenExampleController\123456rissim.c(255,227): warning C4047: 'function': 'rif_int' differs in levels of indirection from 'char [3]'
C:\Users\ccapp\source\repos\CodingConnected\TLCGenExampleController\123456rissim.c(255,227): warning C4024: 'ris_simulation_put_itsstation_pb_ex': different types for formal and actual parameter 16
C:\Users\ccapp\source\repos\CodingConnected\TLCGenExampleController\123456rissim.c(255,236): warning C4020: 'ris_simulation_put_itsstation_pb_ex': too many actual parameters
C:\Users\ccapp\source\repos\CodingConnected\TLCGenExampleController\123456rissim.c(259,208): warning C4047: 'function': 'char *' differs in levels of indirection from 'mulv'
C:\Users\ccapp\source\repos\CodingConnected\TLCGenExampleController\123456rissim.c(259,208): warning C4024: 'ris_simulation_put_itsstation_pb_ex': different types for formal and actual parameter 15
C:\Users\ccapp\source\repos\CodingConnected\TLCGenExampleController\123456rissim.c(259,229): warning C4047: 'function': 'rif_int' differs in levels of indirection from 'char [128]'
C:\Users\ccapp\source\repos\CodingConnected\TLCGenExampleController\123456rissim.c(259,229): warning C4024: 'ris_simulation_put_itsstation_pb_ex': different types for formal and actual parameter 16
C:\Users\ccapp\source\repos\CodingConnected\TLCGenExampleController\123456rissim.c(259,240): warning C4020: 'ris_simulation_put_itsstation_pb_ex': too many actual parameters
C:\Users\ccapp\source\repos\CodingConnected\TLCGenExampleController\123456rissim.c(261,151): warning C4020: 'ris_simulation_put_itsstation_pb': too many actual parameters
C:\Users\ccapp\source\repos\CodingConnected\TLCGenExampleController\123456rissim.c(264,195): warning C4047: 'function': 'char *' differs in levels of indirection from 'mulv'
C:\Users\ccapp\source\repos\CodingConnected\TLCGenExampleController\123456rissim.c(264,195): warning C4024: 'ris_simulation_put_itsstation_pb_ex': different types for formal and actual parameter 15
C:\Users\ccapp\source\repos\CodingConnected\TLCGenExampleController\123456rissim.c(264,216): warning C4047: 'function': 'rif_int' differs in levels of indirection from 'char [128]'
C:\Users\ccapp\source\repos\CodingConnected\TLCGenExampleController\123456rissim.c(264,216): warning C4024: 'ris_simulation_put_itsstation_pb_ex': different types for formal and actual parameter 16
C:\Users\ccapp\source\repos\CodingConnected\TLCGenExampleController\123456rissim.c(264,227): warning C4020: 'ris_simulation_put_itsstation_pb_ex': too many actual parameters
C:\Users\ccapp\source\repos\CodingConnected\TLCGenExampleController\123456rissim.c(267,206): warning C4047: 'function': 'char *' differs in levels of indirection from 'mulv'
C:\Users\ccapp\source\repos\CodingConnected\TLCGenExampleController\123456rissim.c(267,206): warning C4024: 'ris_simulation_put_itsstation_pb_ex': different types for formal and actual parameter 15
C:\Users\ccapp\source\repos\CodingConnected\TLCGenExampleController\123456rissim.c(267,227): warning C4047: 'function': 'rif_int' differs in levels of indirection from 'char [3]'
C:\Users\ccapp\source\repos\CodingConnected\TLCGenExampleController\123456rissim.c(267,227): warning C4024: 'ris_simulation_put_itsstation_pb_ex': different types for formal and actual parameter 16
C:\Users\ccapp\source\repos\CodingConnected\TLCGenExampleController\123456rissim.c(267,236): warning C4020: 'ris_simulation_put_itsstation_pb_ex': too many actual parameters
C:\Users\ccapp\source\repos\CodingConnected\TLCGenExampleController\123456rissim.c(271,208): warning C4047: 'function': 'char *' differs in levels of indirection from 'mulv'
C:\Users\ccapp\source\repos\CodingConnected\TLCGenExampleController\123456rissim.c(271,208): warning C4024: 'ris_simulation_put_itsstation_pb_ex': different types for formal and actual parameter 15
C:\Users\ccapp\source\repos\CodingConnected\TLCGenExampleController\123456rissim.c(271,229): warning C4047: 'function': 'rif_int' differs in levels of indirection from 'char [128]'
C:\Users\ccapp\source\repos\CodingConnected\TLCGenExampleController\123456rissim.c(271,229): warning C4024: 'ris_simulation_put_itsstation_pb_ex': different types for formal and actual parameter 16
C:\Users\ccapp\source\repos\CodingConnected\TLCGenExampleController\123456rissim.c(271,240): warning C4020: 'ris_simulation_put_itsstation_pb_ex': too many actual parameters
C:\Users\ccapp\source\repos\CodingConnected\TLCGenExampleController\123456rissim.c(273,151): warning C4020: 'ris_simulation_put_itsstation_pb': too many actual parameters
C:\Users\ccapp\source\repos\CodingConnected\TLCGenExampleController\123456rissim.c(276,195): warning C4047: 'function': 'char *' differs in levels of indirection from 'mulv'
C:\Users\ccapp\source\repos\CodingConnected\TLCGenExampleController\123456rissim.c(276,195): warning C4024: 'ris_simulation_put_itsstation_pb_ex': different types for formal and actual parameter 15
C:\Users\ccapp\source\repos\CodingConnected\TLCGenExampleController\123456rissim.c(276,216): warning C4047: 'function': 'rif_int' differs in levels of indirection from 'char [128]'
C:\Users\ccapp\source\repos\CodingConnected\TLCGenExampleController\123456rissim.c(276,216): warning C4024: 'ris_simulation_put_itsstation_pb_ex': different types for formal and actual parameter 16
C:\Users\ccapp\source\repos\CodingConnected\TLCGenExampleController\123456rissim.c(276,227): warning C4020: 'ris_simulation_put_itsstation_pb_ex': too many actual parameters
C:\Users\ccapp\source\repos\CodingConnected\TLCGenExampleController\123456rissim.c(279,206): warning C4047: 'function': 'char *' differs in levels of indirection from 'mulv'
C:\Users\ccapp\source\repos\CodingConnected\TLCGenExampleController\123456rissim.c(279,206): warning C4024: 'ris_simulation_put_itsstation_pb_ex': different types for formal and actual parameter 15
C:\Users\ccapp\source\repos\CodingConnected\TLCGenExampleController\123456rissim.c(279,227): warning C4047: 'function': 'rif_int' differs in levels of indirection from 'char [3]'
C:\Users\ccapp\source\repos\CodingConnected\TLCGenExampleController\123456rissim.c(279,227): warning C4024: 'ris_simulation_put_itsstation_pb_ex': different types for formal and actual parameter 16
C:\Users\ccapp\source\repos\CodingConnected\TLCGenExampleController\123456rissim.c(279,236): warning C4020: 'ris_simulation_put_itsstation_pb_ex': too many actual parameters
C:\Users\ccapp\source\repos\CodingConnected\TLCGenExampleController\123456rissim.c(283,208): warning C4047: 'function': 'char *' differs in levels of indirection from 'mulv'
C:\Users\ccapp\source\repos\CodingConnected\TLCGenExampleController\123456rissim.c(283,208): warning C4024: 'ris_simulation_put_itsstation_pb_ex': different types for formal and actual parameter 15
C:\Users\ccapp\source\repos\CodingConnected\TLCGenExampleController\123456rissim.c(283,229): warning C4047: 'function': 'rif_int' differs in levels of indirection from 'char [128]'
C:\Users\ccapp\source\repos\CodingConnected\TLCGenExampleController\123456rissim.c(283,229): warning C4024: 'ris_simulation_put_itsstation_pb_ex': different types for formal and actual parameter 16
C:\Users\ccapp\source\repos\CodingConnected\TLCGenExampleController\123456rissim.c(283,240): warning C4020: 'ris_simulation_put_itsstation_pb_ex': too many actual parameters
C:\Users\ccapp\source\repos\CodingConnected\TLCGenExampleController\123456rissim.c(285,151): warning C4020: 'ris_simulation_put_itsstation_pb': too many actual parameters
C:\Users\ccapp\source\repos\CodingConnected\TLCGenExampleController\123456rissim.c(288,195): warning C4047: 'function': 'char *' differs in levels of indirection from 'mulv'
C:\Users\ccapp\source\repos\CodingConnected\TLCGenExampleController\123456rissim.c(288,195): warning C4024: 'ris_simulation_put_itsstation_pb_ex': different types for formal and actual parameter 15
C:\Users\ccapp\source\repos\CodingConnected\TLCGenExampleController\123456rissim.c(288,216): warning C4047: 'function': 'rif_int' differs in levels of indirection from 'char [128]'
C:\Users\ccapp\source\repos\CodingConnected\TLCGenExampleController\123456rissim.c(288,216): warning C4024: 'ris_simulation_put_itsstation_pb_ex': different types for formal and actual parameter 16
C:\Users\ccapp\source\repos\CodingConnected\TLCGenExampleController\123456rissim.c(288,227): warning C4020: 'ris_simulation_put_itsstation_pb_ex': too many actual parameters
C:\Users\ccapp\source\repos\CodingConnected\TLCGenExampleController\123456rissim.c(291,206): warning C4047: 'function': 'char *' differs in levels of indirection from 'mulv'
C:\Users\ccapp\source\repos\CodingConnected\TLCGenExampleController\123456rissim.c(291,206): warning C4024: 'ris_simulation_put_itsstation_pb_ex': different types for formal and actual parameter 15
C:\Users\ccapp\source\repos\CodingConnected\TLCGenExampleController\123456rissim.c(291,227): warning C4047: 'function': 'rif_int' differs in levels of indirection from 'char [3]'
C:\Users\ccapp\source\repos\CodingConnected\TLCGenExampleController\123456rissim.c(291,227): warning C4024: 'ris_simulation_put_itsstation_pb_ex': different types for formal and actual parameter 16
C:\Users\ccapp\source\repos\CodingConnected\TLCGenExampleController\123456rissim.c(291,236): warning C4020: 'ris_simulation_put_itsstation_pb_ex': too many actual parameters
C:\Users\ccapp\source\repos\CodingConnected\TLCGenExampleController\123456rissim.c(295,208): warning C4047: 'function': 'char *' differs in levels of indirection from 'mulv'
C:\Users\ccapp\source\repos\CodingConnected\TLCGenExampleController\123456rissim.c(295,208): warning C4024: 'ris_simulation_put_itsstation_pb_ex': different types for formal and actual parameter 15
C:\Users\ccapp\source\repos\CodingConnected\TLCGenExampleController\123456rissim.c(295,229): warning C4047: 'function': 'rif_int' differs in levels of indirection from 'char [128]'
C:\Users\ccapp\source\repos\CodingConnected\TLCGenExampleController\123456rissim.c(295,229): warning C4024: 'ris_simulation_put_itsstation_pb_ex': different types for formal and actual parameter 16
C:\Users\ccapp\source\repos\CodingConnected\TLCGenExampleController\123456rissim.c(295,240): warning C4020: 'ris_simulation_put_itsstation_pb_ex': too many actual parameters
C:\Users\ccapp\source\repos\CodingConnected\TLCGenExampleController\123456rissim.c(297,151): warning C4020: 'ris_simulation_put_itsstation_pb': too many actual parameters
C:\Users\ccapp\source\repos\CodingConnected\TLCGenExampleController\123456rissim.c(300,195): warning C4047: 'function': 'char *' differs in levels of indirection from 'mulv'
C:\Users\ccapp\source\repos\CodingConnected\TLCGenExampleController\123456rissim.c(300,195): warning C4024: 'ris_simulation_put_itsstation_pb_ex': different types for formal and actual parameter 15
C:\Users\ccapp\source\repos\CodingConnected\TLCGenExampleController\123456rissim.c(300,216): warning C4047: 'function': 'rif_int' differs in levels of indirection from 'char [128]'
C:\Users\ccapp\source\repos\CodingConnected\TLCGenExampleController\123456rissim.c(300,216): warning C4024: 'ris_simulation_put_itsstation_pb_ex': different types for formal and actual parameter 16
C:\Users\ccapp\source\repos\CodingConnected\TLCGenExampleController\123456rissim.c(300,227): warning C4020: 'ris_simulation_put_itsstation_pb_ex': too many actual parameters
C:\Users\ccapp\source\repos\CodingConnected\TLCGenExampleController\123456rissim.c(303,206): warning C4047: 'function': 'char *' differs in levels of indirection from 'mulv'
C:\Users\ccapp\source\repos\CodingConnected\TLCGenExampleController\123456rissim.c(303,206): warning C4024: 'ris_simulation_put_itsstation_pb_ex': different types for formal and actual parameter 15
C:\Users\ccapp\source\repos\CodingConnected\TLCGenExampleController\123456rissim.c(303,227): warning C4047: 'function': 'rif_int' differs in levels of indirection from 'char [3]'
C:\Users\ccapp\source\repos\CodingConnected\TLCGenExampleController\123456rissim.c(303,227): warning C4024: 'ris_simulation_put_itsstation_pb_ex': different types for formal and actual parameter 16
C:\Users\ccapp\source\repos\CodingConnected\TLCGenExampleController\123456rissim.c(303,236): warning C4020: 'ris_simulation_put_itsstation_pb_ex': too many actual parameters
C:\Users\ccapp\source\repos\CodingConnected\TLCGenExampleController\123456rissim.c(307,208): warning C4047: 'function': 'char *' differs in levels of indirection from 'mulv'
C:\Users\ccapp\source\repos\CodingConnected\TLCGenExampleController\123456rissim.c(307,208): warning C4024: 'ris_simulation_put_itsstation_pb_ex': different types for formal and actual parameter 15
C:\Users\ccapp\source\repos\CodingConnected\TLCGenExampleController\123456rissim.c(307,229): warning C4047: 'function': 'rif_int' differs in levels of indirection from 'char [128]'
C:\Users\ccapp\source\repos\CodingConnected\TLCGenExampleController\123456rissim.c(307,229): warning C4024: 'ris_simulation_put_itsstation_pb_ex': different types for formal and actual parameter 16
C:\Users\ccapp\source\repos\CodingConnected\TLCGenExampleController\123456rissim.c(307,240): warning C4020: 'ris_simulation_put_itsstation_pb_ex': too many actual parameters
C:\Users\ccapp\source\repos\CodingConnected\TLCGenExampleController\123456rissim.c(309,150): warning C4020: 'ris_simulation_put_itsstation_pb': too many actual parameters
C:\Users\ccapp\source\repos\CodingConnected\TLCGenExampleController\123456rissim.c(310,150): warning C4020: 'ris_simulation_put_itsstation_pb': too many actual parameters
C:\Users\ccapp\source\repos\CodingConnected\TLCGenExampleController\123456rissim.c(311,150): warning C4020: 'ris_simulation_put_itsstation_pb': too many actual parameters
C:\Users\ccapp\source\repos\CodingConnected\TLCGenExampleController\123456rissim.c(312,150): warning C4020: 'ris_simulation_put_itsstation_pb': too many actual parameters
C:\Users\ccapp\source\repos\CodingConnected\TLCGenExampleController\123456rissim.c(313,150): warning C4020: 'ris_simulation_put_itsstation_pb': too many actual parameters
C:\Users\ccapp\source\repos\CodingConnected\TLCGenExampleController\123456rissim.c(314,150): warning C4020: 'ris_simulation_put_itsstation_pb': too many actual parameters
C:\Users\ccapp\source\repos\CodingConnected\TLCGenExampleController\123456rissim.c(315,154): warning C4020: 'ris_simulation_put_itsstation_pb': too many actual parameters
C:\Users\ccapp\source\repos\CodingConnected\TLCGenExampleController\123456rissim.c(316,154): warning C4020: 'ris_simulation_put_itsstation_pb': too many actual parameters
C:\Users\ccapp\source\repos\CodingConnected\TLCGenExampleController\123456rissim.c(317,154): warning C4020: 'ris_simulation_put_itsstation_pb': too many actual parameters
C:\Users\ccapp\source\repos\CodingConnected\TLCGenExampleController\123456rissim.c(318,154): warning C4020: 'ris_simulation_put_itsstation_pb': too many actual parameters
C:\Users\ccapp\source\repos\CodingConnected\TLCGenExampleController\123456rissim.c(319,154): warning C4020: 'ris_simulation_put_itsstation_pb': too many actual parameters
C:\Users\ccapp\source\repos\CodingConnected\TLCGenExampleController\123456rissim.c(320,154): warning C4020: 'ris_simulation_put_itsstation_pb': too many actual parameters
C:\Users\ccapp\source\repos\CodingConnected\TLCGenExampleController\123456rissim.c(321,154): warning C4020: 'ris_simulation_put_itsstation_pb': too many actual parameters
C:\Users\ccapp\source\repos\CodingConnected\TLCGenExampleController\123456rissim.c(322,154): warning C4020: 'ris_simulation_put_itsstation_pb': too many actual parameters
C:\Users\ccapp\source\repos\CodingConnected\TLCGenExampleController\123456rissim.c(323,154): warning C4020: 'ris_simulation_put_itsstation_pb': too many actual parameters
C:\Users\ccapp\source\repos\CodingConnected\TLCGenExampleController\123456rissim.c(324,154): warning C4020: 'ris_simulation_put_itsstation_pb': too many actual parameters
C:\Users\ccapp\source\repos\CodingConnected\TLCGenExampleController\123456rissim.c(325,151): warning C4020: 'ris_simulation_put_itsstation_pb': too many actual parameters
C:\Users\ccapp\source\repos\CodingConnected\TLCGenExampleController\123456rissim.c(328,195): warning C4047: 'function': 'char *' differs in levels of indirection from 'mulv'
C:\Users\ccapp\source\repos\CodingConnected\TLCGenExampleController\123456rissim.c(328,195): warning C4024: 'ris_simulation_put_itsstation_pb_ex': different types for formal and actual parameter 15
C:\Users\ccapp\source\repos\CodingConnected\TLCGenExampleController\123456rissim.c(328,216): warning C4047: 'function': 'rif_int' differs in levels of indirection from 'char [128]'
C:\Users\ccapp\source\repos\CodingConnected\TLCGenExampleController\123456rissim.c(328,216): warning C4024: 'ris_simulation_put_itsstation_pb_ex': different types for formal and actual parameter 16
C:\Users\ccapp\source\repos\CodingConnected\TLCGenExampleController\123456rissim.c(328,227): warning C4020: 'ris_simulation_put_itsstation_pb_ex': too many actual parameters
C:\Users\ccapp\source\repos\CodingConnected\TLCGenExampleController\123456rissim.c(331,206): warning C4047: 'function': 'char *' differs in levels of indirection from 'mulv'
C:\Users\ccapp\source\repos\CodingConnected\TLCGenExampleController\123456rissim.c(331,206): warning C4024: 'ris_simulation_put_itsstation_pb_ex': different types for formal and actual parameter 15
C:\Users\ccapp\source\repos\CodingConnected\TLCGenExampleController\123456rissim.c(331,227): warning C4047: 'function': 'rif_int' differs in levels of indirection from 'char [3]'
C:\Users\ccapp\source\repos\CodingConnected\TLCGenExampleController\123456rissim.c(331,227): warning C4024: 'ris_simulation_put_itsstation_pb_ex': different types for formal and actual parameter 16
C:\Users\ccapp\source\repos\CodingConnected\TLCGenExampleController\123456rissim.c(331,236): warning C4020: 'ris_simulation_put_itsstation_pb_ex': too many actual parameters
C:\Users\ccapp\source\repos\CodingConnected\TLCGenExampleController\123456rissim.c(335,208): warning C4047: 'function': 'char *' differs in levels of indirection from 'mulv'
C:\Users\ccapp\source\repos\CodingConnected\TLCGenExampleController\123456rissim.c(335,208): warning C4024: 'ris_simulation_put_itsstation_pb_ex': different types for formal and actual parameter 15
C:\Users\ccapp\source\repos\CodingConnected\TLCGenExampleController\123456rissim.c(335,229): warning C4047: 'function': 'rif_int' differs in levels of indirection from 'char [128]'
C:\Users\ccapp\source\repos\CodingConnected\TLCGenExampleController\123456rissim.c(335,229): warning C4024: 'ris_simulation_put_itsstation_pb_ex': different types for formal and actual parameter 16
C:\Users\ccapp\source\repos\CodingConnected\TLCGenExampleController\123456rissim.c(335,240): warning C4020: 'ris_simulation_put_itsstation_pb_ex': too many actual parameters
C:\Users\ccapp\source\repos\CodingConnected\TLCGenExampleController\123456rissim.c(337,151): warning C4020: 'ris_simulation_put_itsstation_pb': too many actual parameters
C:\Users\ccapp\source\repos\CodingConnected\TLCGenExampleController\123456rissim.c(340,195): warning C4047: 'function': 'char *' differs in levels of indirection from 'mulv'
C:\Users\ccapp\source\repos\CodingConnected\TLCGenExampleController\123456rissim.c(340,195): warning C4024: 'ris_simulation_put_itsstation_pb_ex': different types for formal and actual parameter 15
C:\Users\ccapp\source\repos\CodingConnected\TLCGenExampleController\123456rissim.c(340,216): warning C4047: 'function': 'rif_int' differs in levels of indirection from 'char [128]'
C:\Users\ccapp\source\repos\CodingConnected\TLCGenExampleController\123456rissim.c(340,216): warning C4024: 'ris_simulation_put_itsstation_pb_ex': different types for formal and actual parameter 16
C:\Users\ccapp\source\repos\CodingConnected\TLCGenExampleController\123456rissim.c(340,227): warning C4020: 'ris_simulation_put_itsstation_pb_ex': too many actual parameters
C:\Users\ccapp\source\repos\CodingConnected\TLCGenExampleController\123456rissim.c(343,206): warning C4047: 'function': 'char *' differs in levels of indirection from 'mulv'
C:\Users\ccapp\source\repos\CodingConnected\TLCGenExampleController\123456rissim.c(343,206): warning C4024: 'ris_simulation_put_itsstation_pb_ex': different types for formal and actual parameter 15
C:\Users\ccapp\source\repos\CodingConnected\TLCGenExampleController\123456rissim.c(343,227): warning C4047: 'function': 'rif_int' differs in levels of indirection from 'char [3]'
C:\Users\ccapp\source\repos\CodingConnected\TLCGenExampleController\123456rissim.c(343,227): warning C4024: 'ris_simulation_put_itsstation_pb_ex': different types for formal and actual parameter 16
C:\Users\ccapp\source\repos\CodingConnected\TLCGenExampleController\123456rissim.c(343,236): warning C4020: 'ris_simulation_put_itsstation_pb_ex': too many actual parameters
C:\Users\ccapp\source\repos\CodingConnected\TLCGenExampleController\123456rissim.c(347,208): warning C4047: 'function': 'char *' differs in levels of indirection from 'mulv'
C:\Users\ccapp\source\repos\CodingConnected\TLCGenExampleController\123456rissim.c(347,208): warning C4024: 'ris_simulation_put_itsstation_pb_ex': different types for formal and actual parameter 15
C:\Users\ccapp\source\repos\CodingConnected\TLCGenExampleController\123456rissim.c(347,229): warning C4047: 'function': 'rif_int' differs in levels of indirection from 'char [128]'
C:\Users\ccapp\source\repos\CodingConnected\TLCGenExampleController\123456rissim.c(347,229): warning C4024: 'ris_simulation_put_itsstation_pb_ex': different types for formal and actual parameter 16
C:\Users\ccapp\source\repos\CodingConnected\TLCGenExampleController\123456rissim.c(347,240): warning C4020: 'ris_simulation_put_itsstation_pb_ex': too many actual parameters
C:\Users\ccapp\source\repos\CodingConnected\TLCGenExampleController\123456rissim.c(349,151): warning C4020: 'ris_simulation_put_itsstation_pb': too many actual parameters
C:\Users\ccapp\source\repos\CodingConnected\TLCGenExampleController\123456rissim.c(352,195): warning C4047: 'function': 'char *' differs in levels of indirection from 'mulv'
C:\Users\ccapp\source\repos\CodingConnected\TLCGenExampleController\123456rissim.c(352,195): warning C4024: 'ris_simulation_put_itsstation_pb_ex': different types for formal and actual parameter 15
C:\Users\ccapp\source\repos\CodingConnected\TLCGenExampleController\123456rissim.c(352,216): warning C4047: 'function': 'rif_int' differs in levels of indirection from 'char [128]'
C:\Users\ccapp\source\repos\CodingConnected\TLCGenExampleController\123456rissim.c(352,216): warning C4024: 'ris_simulation_put_itsstation_pb_ex': different types for formal and actual parameter 16
C:\Users\ccapp\source\repos\CodingConnected\TLCGenExampleController\123456rissim.c(352,227): warning C4020: 'ris_simulation_put_itsstation_pb_ex': too many actual parameters
C:\Users\ccapp\source\repos\CodingConnected\TLCGenExampleController\123456rissim.c(355,206): warning C4047: 'function': 'char *' differs in levels of indirection from 'mulv'
C:\Users\ccapp\source\repos\CodingConnected\TLCGenExampleController\123456rissim.c(355,206): warning C4024: 'ris_simulation_put_itsstation_pb_ex': different types for formal and actual parameter 15
C:\Users\ccapp\source\repos\CodingConnected\TLCGenExampleController\123456rissim.c(355,227): warning C4047: 'function': 'rif_int' differs in levels of indirection from 'char [3]'
C:\Users\ccapp\source\repos\CodingConnected\TLCGenExampleController\123456rissim.c(355,227): warning C4024: 'ris_simulation_put_itsstation_pb_ex': different types for formal and actual parameter 16
C:\Users\ccapp\source\repos\CodingConnected\TLCGenExampleController\123456rissim.c(355,236): warning C4020: 'ris_simulation_put_itsstation_pb_ex': too many actual parameters
C:\Users\ccapp\source\repos\CodingConnected\TLCGenExampleController\123456rissim.c(359,208): warning C4047: 'function': 'char *' differs in levels of indirection from 'mulv'
C:\Users\ccapp\source\repos\CodingConnected\TLCGenExampleController\123456rissim.c(359,208): warning C4024: 'ris_simulation_put_itsstation_pb_ex': different types for formal and actual parameter 15
C:\Users\ccapp\source\repos\CodingConnected\TLCGenExampleController\123456rissim.c(359,229): warning C4047: 'function': 'rif_int' differs in levels of indirection from 'char [128]'
C:\Users\ccapp\source\repos\CodingConnected\TLCGenExampleController\123456rissim.c(359,229): warning C4024: 'ris_simulation_put_itsstation_pb_ex': different types for formal and actual parameter 16
C:\Users\ccapp\source\repos\CodingConnected\TLCGenExampleController\123456rissim.c(359,240): warning C4020: 'ris_simulation_put_itsstation_pb_ex': too many actual parameters
C:\Users\ccapp\source\repos\CodingConnected\TLCGenExampleController\123456rissim.c(361,151): warning C4020: 'ris_simulation_put_itsstation_pb': too many actual parameters
C:\Users\ccapp\source\repos\CodingConnected\TLCGenExampleController\123456rissim.c(364,195): warning C4047: 'function': 'char *' differs in levels of indirection from 'mulv'
C:\Users\ccapp\source\repos\CodingConnected\TLCGenExampleController\123456rissim.c(364,195): warning C4024: 'ris_simulation_put_itsstation_pb_ex': different types for formal and actual parameter 15
C:\Users\ccapp\source\repos\CodingConnected\TLCGenExampleController\123456rissim.c(364,216): warning C4047: 'function': 'rif_int' differs in levels of indirection from 'char [128]'
C:\Users\ccapp\source\repos\CodingConnected\TLCGenExampleController\123456rissim.c(364,216): warning C4024: 'ris_simulation_put_itsstation_pb_ex': different types for formal and actual parameter 16
C:\Users\ccapp\source\repos\CodingConnected\TLCGenExampleController\123456rissim.c(364,227): warning C4020: 'ris_simulation_put_itsstation_pb_ex': too many actual parameters
C:\Users\ccapp\source\repos\CodingConnected\TLCGenExampleController\123456rissim.c(367,206): warning C4047: 'function': 'char *' differs in levels of indirection from 'mulv'
C:\Users\ccapp\source\repos\CodingConnected\TLCGenExampleController\123456rissim.c(367,206): warning C4024: 'ris_simulation_put_itsstation_pb_ex': different types for formal and actual parameter 15
C:\Users\ccapp\source\repos\CodingConnected\TLCGenExampleController\123456rissim.c(367,227): warning C4047: 'function': 'rif_int' differs in levels of indirection from 'char [3]'
C:\Users\ccapp\source\repos\CodingConnected\TLCGenExampleController\123456rissim.c(367,227): warning C4024: 'ris_simulation_put_itsstation_pb_ex': different types for formal and actual parameter 16
C:\Users\ccapp\source\repos\CodingConnected\TLCGenExampleController\123456rissim.c(367,236): warning C4020: 'ris_simulation_put_itsstation_pb_ex': too many actual parameters
C:\Users\ccapp\source\repos\CodingConnected\TLCGenExampleController\123456rissim.c(371,208): warning C4047: 'function': 'char *' differs in levels of indirection from 'mulv'
C:\Users\ccapp\source\repos\CodingConnected\TLCGenExampleController\123456rissim.c(371,208): warning C4024: 'ris_simulation_put_itsstation_pb_ex': different types for formal and actual parameter 15
C:\Users\ccapp\source\repos\CodingConnected\TLCGenExampleController\123456rissim.c(371,229): warning C4047: 'function': 'rif_int' differs in levels of indirection from 'char [128]'
C:\Users\ccapp\source\repos\CodingConnected\TLCGenExampleController\123456rissim.c(371,229): warning C4024: 'ris_simulation_put_itsstation_pb_ex': different types for formal and actual parameter 16
C:\Users\ccapp\source\repos\CodingConnected\TLCGenExampleController\123456rissim.c(371,240): warning C4020: 'ris_simulation_put_itsstation_pb_ex': too many actual parameters
C:\Users\ccapp\source\repos\CodingConnected\TLCGenExampleController\123456rissim.c(373,151): warning C4020: 'ris_simulation_put_itsstation_pb': too many actual parameters
C:\Users\ccapp\source\repos\CodingConnected\TLCGenExampleController\123456rissim.c(376,195): warning C4047: 'function': 'char *' differs in levels of indirection from 'mulv'
C:\Users\ccapp\source\repos\CodingConnected\TLCGenExampleController\123456rissim.c(376,195): warning C4024: 'ris_simulation_put_itsstation_pb_ex': different types for formal and actual parameter 15
C:\Users\ccapp\source\repos\CodingConnected\TLCGenExampleController\123456rissim.c(376,216): warning C4047: 'function': 'rif_int' differs in levels of indirection from 'char [128]'
C:\Users\ccapp\source\repos\CodingConnected\TLCGenExampleController\123456rissim.c(376,216): warning C4024: 'ris_simulation_put_itsstation_pb_ex': different types for formal and actual parameter 16
C:\Users\ccapp\source\repos\CodingConnected\TLCGenExampleController\123456rissim.c(376,227): warning C4020: 'ris_simulation_put_itsstation_pb_ex': too many actual parameters
C:\Users\ccapp\source\repos\CodingConnected\TLCGenExampleController\123456rissim.c(379,206): warning C4047: 'function': 'char *' differs in levels of indirection from 'mulv'
C:\Users\ccapp\source\repos\CodingConnected\TLCGenExampleController\123456rissim.c(379,206): warning C4024: 'ris_simulation_put_itsstation_pb_ex': different types for formal and actual parameter 15
C:\Users\ccapp\source\repos\CodingConnected\TLCGenExampleController\123456rissim.c(379,227): warning C4047: 'function': 'rif_int' differs in levels of indirection from 'char [3]'
C:\Users\ccapp\source\repos\CodingConnected\TLCGenExampleController\123456rissim.c(379,227): warning C4024: 'ris_simulation_put_itsstation_pb_ex': different types for formal and actual parameter 16
C:\Users\ccapp\source\repos\CodingConnected\TLCGenExampleController\123456rissim.c(379,236): warning C4020: 'ris_simulation_put_itsstation_pb_ex': too many actual parameters
C:\Users\ccapp\source\repos\CodingConnected\TLCGenExampleController\123456rissim.c(383,208): warning C4047: 'function': 'char *' differs in levels of indirection from 'mulv'
C:\Users\ccapp\source\repos\CodingConnected\TLCGenExampleController\123456rissim.c(383,208): warning C4024: 'ris_simulation_put_itsstation_pb_ex': different types for formal and actual parameter 15
C:\Users\ccapp\source\repos\CodingConnected\TLCGenExampleController\123456rissim.c(383,229): warning C4047: 'function': 'rif_int' differs in levels of indirection from 'char [128]'
C:\Users\ccapp\source\repos\CodingConnected\TLCGenExampleController\123456rissim.c(383,229): warning C4024: 'ris_simulation_put_itsstation_pb_ex': different types for formal and actual parameter 16
C:\Users\ccapp\source\repos\CodingConnected\TLCGenExampleController\123456rissim.c(383,240): warning C4020: 'ris_simulation_put_itsstation_pb_ex': too many actual parameters
C:\Users\ccapp\source\repos\CodingConnected\TLCGenExampleController\123456rissim.c(385,151): warning C4020: 'ris_simulation_put_itsstation_pb': too many actual parameters
C:\Users\ccapp\source\repos\CodingConnected\TLCGenExampleController\123456rissim.c(388,195): warning C4047: 'function': 'char *' differs in levels of indirection from 'mulv'
C:\Users\ccapp\source\repos\CodingConnected\TLCGenExampleController\123456rissim.c(388,195): warning C4024: 'ris_simulation_put_itsstation_pb_ex': different types for formal and actual parameter 15
C:\Users\ccapp\source\repos\CodingConnected\TLCGenExampleController\123456rissim.c(388,216): warning C4047: 'function': 'rif_int' differs in levels of indirection from 'char [128]'
C:\Users\ccapp\source\repos\CodingConnected\TLCGenExampleController\123456rissim.c(388,216): warning C4024: 'ris_simulation_put_itsstation_pb_ex': different types for formal and actual parameter 16
C:\Users\ccapp\source\repos\CodingConnected\TLCGenExampleController\123456rissim.c(388,227): warning C4020: 'ris_simulation_put_itsstation_pb_ex': too many actual parameters
C:\Users\ccapp\source\repos\CodingConnected\TLCGenExampleController\123456rissim.c(391,206): warning C4047: 'function': 'char *' differs in levels of indirection from 'mulv'
C:\Users\ccapp\source\repos\CodingConnected\TLCGenExampleController\123456rissim.c(391,206): warning C4024: 'ris_simulation_put_itsstation_pb_ex': different types for formal and actual parameter 15
C:\Users\ccapp\source\repos\CodingConnected\TLCGenExampleController\123456rissim.c(391,227): warning C4047: 'function': 'rif_int' differs in levels of indirection from 'char [3]'
C:\Users\ccapp\source\repos\CodingConnected\TLCGenExampleController\123456rissim.c(391,227): warning C4024: 'ris_simulation_put_itsstation_pb_ex': different types for formal and actual parameter 16
C:\Users\ccapp\source\repos\CodingConnected\TLCGenExampleController\123456rissim.c(391,236): warning C4020: 'ris_simulation_put_itsstation_pb_ex': too many actual parameters
C:\Users\ccapp\source\repos\CodingConnected\TLCGenExampleController\123456rissim.c(395,208): warning C4047: 'function': 'char *' differs in levels of indirection from 'mulv'
C:\Users\ccapp\source\repos\CodingConnected\TLCGenExampleController\123456rissim.c(395,208): warning C4024: 'ris_simulation_put_itsstation_pb_ex': different types for formal and actual parameter 15
C:\Users\ccapp\source\repos\CodingConnected\TLCGenExampleController\123456rissim.c(395,229): warning C4047: 'function': 'rif_int' differs in levels of indirection from 'char [128]'
C:\Users\ccapp\source\repos\CodingConnected\TLCGenExampleController\123456rissim.c(395,229): warning C4024: 'ris_simulation_put_itsstation_pb_ex': different types for formal and actual parameter 16
C:\Users\ccapp\source\repos\CodingConnected\TLCGenExampleController\123456rissim.c(395,240): warning C4020: 'ris_simulation_put_itsstation_pb_ex': too many actual parameters
C:\Users\ccapp\source\repos\CodingConnected\TLCGenExampleController\123456rissim.c(397,150): warning C4020: 'ris_simulation_put_itsstation_pb': too many actual parameters
C:\Users\ccapp\source\repos\CodingConnected\TLCGenExampleController\123456rissim.c(398,150): warning C4020: 'ris_simulation_put_itsstation_pb': too many actual parameters
C:\Users\ccapp\source\repos\CodingConnected\TLCGenExampleController\123456rissim.c(399,150): warning C4020: 'ris_simulation_put_itsstation_pb': too many actual parameters
  123456sim.c
  123456tab.c
C:\Users\ccapp\source\repos\CodingConnected\TLCGenExampleController\123456tab.c(54,14): error C1083: Cannot open include file: 'category_definition.c': No such file or directory
  PTPWIN.C
  Generating Code...
