c:\users\ccapp\source\repos\codingconnected\tlcgenexamplecontroller\123456_v.33c91738\debug\vc143.pdb
c:\users\ccapp\source\repos\codingconnected\tlcgenexamplecontroller\123456_v.33c91738\debug\vc143.idb
c:\users\ccapp\source\repos\codingconnected\tlcgenexamplecontroller\123456_v.33c91738\debug\ptpwin.obj
c:\users\ccapp\source\repos\codingconnected\tlcgenexamplecontroller\123456_v.33c91738\debug\123456tab.obj
c:\users\ccapp\source\repos\codingconnected\tlcgenexamplecontroller\123456_v.33c91738\debug\123456sim.obj
c:\users\ccapp\source\repos\codingconnected\tlcgenexamplecontroller\123456_v.33c91738\debug\123456rissim.obj
c:\users\ccapp\source\repos\codingconnected\tlcgenexamplecontroller\123456_v.33c91738\debug\123456reg.obj
c:\users\ccapp\source\repos\codingconnected\tlcgenexamplecontroller\123456_v.33c91738\debug\123456prio.obj
c:\users\ccapp\source\repos\codingconnected\tlcgenexamplecontroller\123456_v.33c91738\debug\123456dpl.obj
c:\users\ccapp\source\repos\codingconnected\tlcgenexamplecontroller\debug\123456_visual_2022.exe
c:\users\ccapp\source\repos\codingconnected\tlcgenexamplecontroller\debug\123456_visual_2022.pdb
c:\users\ccapp\source\repos\codingconnected\tlcgenexamplecontroller\123456_v.33c91738\debug\123456_visual_2022.ilk
c:\users\ccapp\source\repos\codingconnected\tlcgenexamplecontroller\123456_v.33c91738\debug\123456_v.33c91738.tlog\cl.command.1.tlog
c:\users\ccapp\source\repos\codingconnected\tlcgenexamplecontroller\123456_v.33c91738\debug\123456_v.33c91738.tlog\cl.items.tlog
c:\users\ccapp\source\repos\codingconnected\tlcgenexamplecontroller\123456_v.33c91738\debug\123456_v.33c91738.tlog\cl.read.1.tlog
c:\users\ccapp\source\repos\codingconnected\tlcgenexamplecontroller\123456_v.33c91738\debug\123456_v.33c91738.tlog\cl.write.1.tlog
c:\users\ccapp\source\repos\codingconnected\tlcgenexamplecontroller\123456_v.33c91738\debug\123456_v.33c91738.tlog\link.command.1.tlog
c:\users\ccapp\source\repos\codingconnected\tlcgenexamplecontroller\123456_v.33c91738\debug\123456_v.33c91738.tlog\link.read.1.tlog
c:\users\ccapp\source\repos\codingconnected\tlcgenexamplecontroller\123456_v.33c91738\debug\123456_v.33c91738.tlog\link.secondary.1.tlog
c:\users\ccapp\source\repos\codingconnected\tlcgenexamplecontroller\123456_v.33c91738\debug\123456_v.33c91738.tlog\link.write.1.tlog
