c:\users\ccapp\source\repos\codingconnected\tlcgenexamplecontroller\123456_v.dbe2b6ae\debug\vc143.pdb
c:\users\ccapp\source\repos\codingconnected\tlcgenexamplecontroller\123456_v.dbe2b6ae\debug\vc143.idb
c:\users\ccapp\source\repos\codingconnected\tlcgenexamplecontroller\123456_v.dbe2b6ae\debug\ptpwin.obj
c:\users\ccapp\source\repos\codingconnected\tlcgenexamplecontroller\123456_v.dbe2b6ae\debug\123456tab.obj
c:\users\ccapp\source\repos\codingconnected\tlcgenexamplecontroller\123456_v.dbe2b6ae\debug\123456sim.obj
c:\users\ccapp\source\repos\codingconnected\tlcgenexamplecontroller\123456_v.dbe2b6ae\debug\123456rissim.obj
c:\users\ccapp\source\repos\codingconnected\tlcgenexamplecontroller\123456_v.dbe2b6ae\debug\123456reg.obj
c:\users\ccapp\source\repos\codingconnected\tlcgenexamplecontroller\123456_v.dbe2b6ae\debug\123456prio.obj
c:\users\ccapp\source\repos\codingconnected\tlcgenexamplecontroller\123456_v.dbe2b6ae\debug\123456dpl.obj
c:\users\ccapp\source\repos\codingconnected\tlcgenexamplecontroller\debug\123456_visual_2019.exe
c:\users\ccapp\source\repos\codingconnected\tlcgenexamplecontroller\debug\123456_visual_2019.pdb
c:\users\ccapp\source\repos\codingconnected\tlcgenexamplecontroller\123456_v.dbe2b6ae\debug\123456_visual_2019.ilk
c:\users\ccapp\source\repos\codingconnected\tlcgenexamplecontroller\debug\123456_visual_2019.ilk
c:\users\ccapp\source\repos\codingconnected\tlcgenexamplecontroller\123456_v.dbe2b6ae\debug\123456_v.dbe2b6ae.tlog\cl.command.1.tlog
c:\users\ccapp\source\repos\codingconnected\tlcgenexamplecontroller\123456_v.dbe2b6ae\debug\123456_v.dbe2b6ae.tlog\cl.items.tlog
c:\users\ccapp\source\repos\codingconnected\tlcgenexamplecontroller\123456_v.dbe2b6ae\debug\123456_v.dbe2b6ae.tlog\cl.read.1.tlog
c:\users\ccapp\source\repos\codingconnected\tlcgenexamplecontroller\123456_v.dbe2b6ae\debug\123456_v.dbe2b6ae.tlog\cl.write.1.tlog
c:\users\ccapp\source\repos\codingconnected\tlcgenexamplecontroller\123456_v.dbe2b6ae\debug\123456_v.dbe2b6ae.tlog\link.command.1.tlog
c:\users\ccapp\source\repos\codingconnected\tlcgenexamplecontroller\123456_v.dbe2b6ae\debug\123456_v.dbe2b6ae.tlog\link.read.1.tlog
c:\users\ccapp\source\repos\codingconnected\tlcgenexamplecontroller\123456_v.dbe2b6ae\debug\123456_v.dbe2b6ae.tlog\link.secondary.1.tlog
c:\users\ccapp\source\repos\codingconnected\tlcgenexamplecontroller\123456_v.dbe2b6ae\debug\123456_v.dbe2b6ae.tlog\link.write.1.tlog
